<?xml version="1.0" encoding="UTF-8"?>
<!-- Generated by org.testng.reporters.JUnitReportReporter -->
<testsuite skipped="0" hostname="LAPTOP-JVNL5G83" name="WebDriver.Example.ChromeBrowser_YouTube" tests="1" failures="0" timestamp="15 Apr 2020 03:10:11 GMT" time="36.599" errors="0">
  <testcase name="setUp" time="36.599" classname="WebDriver.Example.ChromeBrowser_YouTube"/>
</testsuite> <!-- WebDriver.Example.ChromeBrowser_YouTube -->
