<?xml version="1.0" encoding="UTF-8"?>
<!-- Generated by org.testng.reporters.JUnitReportReporter -->
<testsuite skipped="0" hostname="LAPTOP-JVNL5G83" name="WebDriver.Example.GoogleSearch" tests="1" failures="0" timestamp="27 Jul 2020 14:47:44 GMT" time="5.430" errors="0">
  <testcase name="search" time="5.430" classname="WebDriver.Example.GoogleSearch"/>
</testsuite> <!-- WebDriver.Example.GoogleSearch -->
