<?xml version="1.0" encoding="UTF-8"?>
<!-- Generated by org.testng.reporters.JUnitReportReporter -->
<testsuite skipped="0" hostname="LAPTOP-JVNL5G83" name="WebDriver.Example.Chrome_RogersLogin" tests="1" failures="0" timestamp="17 Apr 2020 04:38:20 GMT" time="10.900" errors="0">
  <testcase name="isSelected" time="10.900" classname="WebDriver.Example.Chrome_RogersLogin"/>
</testsuite> <!-- WebDriver.Example.Chrome_RogersLogin -->
