<?xml version="1.0" encoding="UTF-8"?>
<!-- Generated by org.testng.reporters.JUnitReportReporter -->
<testsuite skipped="0" hostname="LAPTOP-JVNL5G83" name="WebDriver.Example.Chrome_MouseEffect" tests="1" failures="0" timestamp="21 Jul 2020 20:00:09 GMT" time="9.628" errors="0">
  <testcase name="mouseHover" time="9.628" classname="WebDriver.Example.Chrome_MouseEffect"/>
</testsuite> <!-- WebDriver.Example.Chrome_MouseEffect -->
