<?xml version="1.0" encoding="UTF-8"?>
<!-- Generated by org.testng.reporters.JUnitReportReporter -->
<testsuite skipped="0" hostname="LAPTOP-JVNL5G83" name="WebDriver.Example.Carbonite" tests="3" failures="0" timestamp="29 Jul 2020 03:11:00 GMT" time="31.590" errors="0">
  <testcase name="validateBorderColorForWrongInput" time="10.632" classname="WebDriver.Example.Carbonite"/>
  <testcase name="selectTest" time="12.489" classname="WebDriver.Example.Carbonite"/>
  <testcase name="validEmailTest" time="8.469" classname="WebDriver.Example.Carbonite"/>
</testsuite> <!-- WebDriver.Example.Carbonite -->
