<?xml version="1.0" encoding="UTF-8"?>
<!-- Generated by org.testng.reporters.JUnitReportReporter -->
<testsuite skipped="0" hostname="LAPTOP-JVNL5G83" name="WebDriver.Example.Chrome_MouseEffect" tests="1" failures="0" timestamp="27 Apr 2020 04:27:36 GMT" time="4.111" errors="0">
  <testcase name="mouseHover" time="4.111" classname="WebDriver.Example.Chrome_MouseEffect"/>
</testsuite> <!-- WebDriver.Example.Chrome_MouseEffect -->
