<?xml version="1.0" encoding="UTF-8"?>
<!-- Generated by org.testng.reporters.JUnitReportReporter -->
<testsuite skipped="0" hostname="LAPTOP-JVNL5G83" name="WebDriver.Example.Docker_Firefox" tests="1" failures="0" timestamp="09 Jul 2020 10:15:48 GMT" time="18.667" errors="0">
  <testcase name="test1" time="18.667" classname="WebDriver.Example.Docker_Firefox"/>
</testsuite> <!-- WebDriver.Example.Docker_Firefox -->
