<?xml version="1.0" encoding="UTF-8"?>
<!-- Generated by org.testng.reporters.JUnitReportReporter -->
<testsuite skipped="0" hostname="LAPTOP-JVNL5G83" name="WebDriver.Example.Check_All_Links" tests="1" failures="0" timestamp="09 Jul 2020 09:53:57 GMT" time="7.943" errors="0">
  <testcase name="checkAllLinks" time="7.943" classname="WebDriver.Example.Check_All_Links"/>
</testsuite> <!-- WebDriver.Example.Check_All_Links -->
