<?xml version="1.0" encoding="UTF-8"?>
<!-- Generated by org.testng.reporters.JUnitReportReporter -->
<testsuite skipped="1" hostname="LAPTOP-JVNL5G83" name="WebDriver.Example.FluentWait" tests="2" failures="0" timestamp="29 Jul 2020 12:26:56 GMT" time="66.043" errors="0">
  <testcase name="fluentWait" time="40.721" classname="WebDriver.Example.FluentWait">
    <skipped/>
  </testcase> <!-- fluentWait -->
  <testcase name="fluentWait" time="25.322" classname="WebDriver.Example.FluentWait"/>
</testsuite> <!-- WebDriver.Example.FluentWait -->
