<?xml version="1.0" encoding="UTF-8"?>
<!-- Generated by org.testng.reporters.JUnitReportReporter -->
<testsuite skipped="0" hostname="LAPTOP-JVNL5G83" name="WebDriver.Example.Chrome_ImplicitWait" tests="1" failures="0" timestamp="10 Jun 2020 23:40:26 GMT" time="8.934" errors="0">
  <testcase name="isSelected" time="8.934" classname="WebDriver.Example.Chrome_ImplicitWait"/>
</testsuite> <!-- WebDriver.Example.Chrome_ImplicitWait -->
