<?xml version="1.0" encoding="UTF-8"?>
<!-- Generated by org.testng.reporters.JUnitReportReporter -->
<testsuite skipped="0" hostname="LAPTOP-JVNL5G83" name="WebDriver.Example.ChromeBrowser_Google" tests="1" failures="0" timestamp="13 Apr 2020 02:57:20 GMT" time="12.076" errors="0">
  <testcase name="setUp" time="12.076" classname="WebDriver.Example.ChromeBrowser_Google"/>
</testsuite> <!-- WebDriver.Example.ChromeBrowser_Google -->
