<?xml version="1.0" encoding="UTF-8"?>
<!-- Generated by org.testng.reporters.JUnitReportReporter -->
<testsuite skipped="0" hostname="LAPTOP-JVNL5G83" name="WebDriver.Example.Firefox_VisibilityConditions_isEnabled" tests="1" failures="0" timestamp="15 Apr 2020 02:59:26 GMT" time="4.302" errors="0">
  <testcase name="isEnabled" time="4.302" classname="WebDriver.Example.Firefox_VisibilityConditions_isEnabled"/>
</testsuite> <!-- WebDriver.Example.Firefox_VisibilityConditions_isEnabled -->
