<?xml version="1.0" encoding="UTF-8"?>
<!-- Generated by org.testng.reporters.JUnitReportReporter -->
<testsuite skipped="0" hostname="LAPTOP-JVNL5G83" name="WebDriver.Example.Firefox_Alerts_PopUps" tests="2" failures="0" timestamp="18 Apr 2020 02:54:29 GMT" time="6.018" errors="0">
  <testcase name="firstJavaScriptAlertBox" time="5.690" classname="WebDriver.Example.Firefox_Alerts_PopUps"/>
  <testcase name="secondJavaScriptAlertBox" time="0.328" classname="WebDriver.Example.Firefox_Alerts_PopUps"/>
</testsuite> <!-- WebDriver.Example.Firefox_Alerts_PopUps -->
