<?xml version="1.0" encoding="UTF-8"?>
<!-- Generated by org.testng.reporters.JUnitReportReporter -->
<testsuite skipped="0" hostname="LAPTOP-JVNL5G83" name="WebDriver.Example.Firefox_DragDrop" tests="1" failures="0" timestamp="18 Apr 2020 00:47:39 GMT" time="0.284" errors="0">
  <testcase name="DragDrop" time="0.284" classname="WebDriver.Example.Firefox_DragDrop"/>
</testsuite> <!-- WebDriver.Example.Firefox_DragDrop -->
