<?xml version="1.0" encoding="UTF-8"?>
<!-- Generated by org.testng.reporters.JUnitReportReporter -->
<testsuite skipped="0" hostname="LAPTOP-JVNL5G83" name="WebDriver.Example.Chrome_ImplicitWait" tests="1" failures="0" timestamp="17 Apr 2020 03:04:54 GMT" time="14.936" errors="0">
  <testcase name="isSelected" time="14.936" classname="WebDriver.Example.Chrome_ImplicitWait"/>
</testsuite> <!-- WebDriver.Example.Chrome_ImplicitWait -->
