<?xml version="1.0" encoding="UTF-8"?>
<!-- Generated by org.testng.reporters.JUnitReportReporter -->
<testsuite skipped="0" hostname="LAPTOP-JVNL5G83" name="WebDriver.Example.Firefox_DropDown" tests="2" failures="0" timestamp="26 Apr 2020 16:38:29 GMT" time="3.572" errors="0">
  <testcase name="Dropdown" time="2.586" classname="WebDriver.Example.Firefox_DropDown"/>
  <testcase name="MultiSelect" time="0.986" classname="WebDriver.Example.Firefox_DropDown"/>
</testsuite> <!-- WebDriver.Example.Firefox_DropDown -->
