<?xml version="1.0" encoding="UTF-8"?>
<!-- Generated by org.testng.reporters.JUnitReportReporter -->
<testsuite skipped="0" hostname="LAPTOP-JVNL5G83" name="WebDriver.Example.Firefox_Slider" tests="1" failures="0" timestamp="18 Apr 2020 03:18:47 GMT" time="0.530" errors="0">
  <testcase name="Slider" time="0.530" classname="WebDriver.Example.Firefox_Slider"/>
</testsuite> <!-- WebDriver.Example.Firefox_Slider -->
