<?xml version="1.0" encoding="UTF-8"?>
<!-- Generated by org.testng.reporters.JUnitReportReporter -->
<testsuite skipped="0" hostname="LAPTOP-JVNL5G83" name="WebDriver.Example.chromeBrowser" tests="1" failures="0" timestamp="13 Apr 2020 02:01:24 GMT" time="8.747" errors="0">
  <testcase name="setUp" time="8.747" classname="WebDriver.Example.chromeBrowser"/>
</testsuite> <!-- WebDriver.Example.chromeBrowser -->
