<?xml version="1.0" encoding="UTF-8"?>
<!-- Generated by org.testng.reporters.JUnitReportReporter -->
<testsuite skipped="0" hostname="LAPTOP-JVNL5G83" name="WebDriver.Example.Trivago" tests="1" failures="0" timestamp="28 Jul 2020 21:43:20 GMT" time="8.194" errors="0">
  <testcase name="table" time="8.194" classname="WebDriver.Example.Trivago"/>
</testsuite> <!-- WebDriver.Example.Trivago -->
