<?xml version="1.0" encoding="UTF-8"?>
<!-- Generated by org.testng.reporters.JUnitReportReporter -->
<testsuite skipped="0" hostname="LAPTOP-JVNL5G83" name="WebDriver.Example.Firefox_gmail" tests="1" failures="0" timestamp="20 Apr 2020 03:12:05 GMT" time="27.539" errors="0">
  <testcase name="login" time="27.539" classname="WebDriver.Example.Firefox_gmail"/>
</testsuite> <!-- WebDriver.Example.Firefox_gmail -->
