<?xml version="1.0" encoding="UTF-8"?>
<!-- Generated by org.testng.reporters.JUnitReportReporter -->
<testsuite skipped="0" hostname="LAPTOP-JVNL5G83" name="WebDriver.Example.ChromeBrowser_OrangeHRM" tests="1" failures="0" timestamp="30 Apr 2020 02:12:31 GMT" time="8.620" errors="0">
  <testcase name="setUp" time="8.620" classname="WebDriver.Example.ChromeBrowser_OrangeHRM"/>
</testsuite> <!-- WebDriver.Example.ChromeBrowser_OrangeHRM -->
