<?xml version="1.0" encoding="UTF-8"?>
<!-- Generated by org.testng.reporters.JUnitReportReporter -->
<testsuite skipped="0" hostname="LAPTOP-JVNL5G83" name="WebDriver.Example.Docker_chrome" tests="1" failures="0" timestamp="09 Jul 2020 10:15:48 GMT" time="6.145" errors="0">
  <testcase name="test1" time="6.145" classname="WebDriver.Example.Docker_chrome"/>
</testsuite> <!-- WebDriver.Example.Docker_chrome -->
