<?xml version="1.0" encoding="UTF-8"?>
<!-- Generated by org.testng.reporters.JUnitReportReporter -->
<testsuite skipped="0" hostname="LAPTOP-JVNL5G83" name="WebDriver.Example.CarboniteSwitchBetweenWindow" tests="1" failures="0" timestamp="27 Jul 2020 13:49:25 GMT" time="3.584" errors="0">
  <testcase name="switchBetweenWindoetest" time="3.584" classname="WebDriver.Example.CarboniteSwitchBetweenWindow"/>
</testsuite> <!-- WebDriver.Example.CarboniteSwitchBetweenWindow -->
