<?xml version="1.0" encoding="UTF-8"?>
<!-- Generated by org.testng.reporters.JUnitReportReporter -->
<testsuite skipped="0" hostname="LAPTOP-JVNL5G83" name="WebDriver.Example.ChromeRightClick" tests="1" failures="0" timestamp="18 Apr 2020 03:00:05 GMT" time="1.827" errors="0">
  <testcase name="right" time="1.827" classname="WebDriver.Example.ChromeRightClick"/>
</testsuite> <!-- WebDriver.Example.ChromeRightClick -->
