<?xml version="1.0" encoding="UTF-8"?>
<!-- Generated by org.testng.reporters.JUnitReportReporter -->
<testsuite skipped="0" hostname="LAPTOP-JVNL5G83" name="WebDriver.Example.Firefox_VisibilityConditions_isSelected" tests="1" failures="0" timestamp="15 Apr 2020 02:40:25 GMT" time="4.618" errors="0">
  <testcase name="isSelected" time="4.618" classname="WebDriver.Example.Firefox_VisibilityConditions_isSelected"/>
</testsuite> <!-- WebDriver.Example.Firefox_VisibilityConditions_isSelected -->
